2020-06-29T16:16:08+00:00 CRITICAL Uncaught Exception: Sản phẩm không hợp lệ. in D:\Xampp\htdocs\Road79\wp-content\plugins\woocommerce\includes\data-stores\class-wc-product-data-store-cpt.php:165
Stack trace:
#0 D:\Xampp\htdocs\Road79\wp-content\plugins\woocommerce\includes\class-wc-data-store.php(159): WC_Product_Data_Store_CPT->read(Object(WC_Product))
#1 D:\Xampp\htdocs\Road79\wp-content\plugins\woocommerce\includes\abstracts\abstract-wc-product.php(135): WC_Data_Store->read(Object(WC_Product))
#2 D:\Xampp\htdocs\Road79\wp-content\themes\79Road\search.php(25): WC_Product->__construct(1)
#3 D:\Xampp\htdocs\Road79\wp-includes\template-loader.php(98): include('D:\\Xampp\\htdocs...')
#4 D:\Xampp\htdocs\Road79\wp-blog-header.php(19): require_once('D:\\Xampp\\htdocs...')
#5 D:\Xampp\htdocs\Road79\index.php(17): require('D:\\Xampp\\htdocs...')
#6 {main}
  thrown in D:\Xampp\htdocs\Road79\wp-content\plugins\woocommerce\includes\data-stores\class-wc-product-data-store-cpt.php on line 165

2020-06-29T16:16:15+00:00 CRITICAL Uncaught Exception: Sản phẩm không hợp lệ. in D:\Xampp\htdocs\Road79\wp-content\plugins\woocommerce\includes\data-stores\class-wc-product-data-store-cpt.php:165
Stack trace:
#0 D:\Xampp\htdocs\Road79\wp-content\plugins\woocommerce\includes\class-wc-data-store.php(159): WC_Product_Data_Store_CPT->read(Object(WC_Product))
#1 D:\Xampp\htdocs\Road79\wp-content\plugins\woocommerce\includes\abstracts\abstract-wc-product.php(135): WC_Data_Store->read(Object(WC_Product))
#2 D:\Xampp\htdocs\Road79\wp-content\themes\79Road\search.php(25): WC_Product->__construct(1)
#3 D:\Xampp\htdocs\Road79\wp-includes\template-loader.php(98): include('D:\\Xampp\\htdocs...')
#4 D:\Xampp\htdocs\Road79\wp-blog-header.php(19): require_once('D:\\Xampp\\htdocs...')
#5 D:\Xampp\htdocs\Road79\index.php(17): require('D:\\Xampp\\htdocs...')
#6 {main}
  thrown in D:\Xampp\htdocs\Road79\wp-content\plugins\woocommerce\includes\data-stores\class-wc-product-data-store-cpt.php on line 165

2020-06-29T16:17:01+00:00 CRITICAL Uncaught Exception: Sản phẩm không hợp lệ. in D:\Xampp\htdocs\Road79\wp-content\plugins\woocommerce\includes\data-stores\class-wc-product-data-store-cpt.php:165
Stack trace:
#0 D:\Xampp\htdocs\Road79\wp-content\plugins\woocommerce\includes\class-wc-data-store.php(159): WC_Product_Data_Store_CPT->read(Object(WC_Product))
#1 D:\Xampp\htdocs\Road79\wp-content\plugins\woocommerce\includes\abstracts\abstract-wc-product.php(135): WC_Data_Store->read(Object(WC_Product))
#2 D:\Xampp\htdocs\Road79\wp-content\themes\79Road\search.php(25): WC_Product->__construct(1)
#3 D:\Xampp\htdocs\Road79\wp-includes\template-loader.php(98): include('D:\\Xampp\\htdocs...')
#4 D:\Xampp\htdocs\Road79\wp-blog-header.php(19): require_once('D:\\Xampp\\htdocs...')
#5 D:\Xampp\htdocs\Road79\index.php(17): require('D:\\Xampp\\htdocs...')
#6 {main}
  thrown in D:\Xampp\htdocs\Road79\wp-content\plugins\woocommerce\includes\data-stores\class-wc-product-data-store-cpt.php on line 165

2020-06-29T16:18:09+00:00 CRITICAL Uncaught Exception: Sản phẩm không hợp lệ. in D:\Xampp\htdocs\Road79\wp-content\plugins\woocommerce\includes\data-stores\class-wc-product-data-store-cpt.php:165
Stack trace:
#0 D:\Xampp\htdocs\Road79\wp-content\plugins\woocommerce\includes\class-wc-data-store.php(159): WC_Product_Data_Store_CPT->read(Object(WC_Product))
#1 D:\Xampp\htdocs\Road79\wp-content\plugins\woocommerce\includes\abstracts\abstract-wc-product.php(135): WC_Data_Store->read(Object(WC_Product))
#2 D:\Xampp\htdocs\Road79\wp-content\themes\79Road\search.php(25): WC_Product->__construct(1)
#3 D:\Xampp\htdocs\Road79\wp-includes\template-loader.php(98): include('D:\\Xampp\\htdocs...')
#4 D:\Xampp\htdocs\Road79\wp-blog-header.php(19): require_once('D:\\Xampp\\htdocs...')
#5 D:\Xampp\htdocs\Road79\index.php(17): require('D:\\Xampp\\htdocs...')
#6 {main}
  thrown in D:\Xampp\htdocs\Road79\wp-content\plugins\woocommerce\includes\data-stores\class-wc-product-data-store-cpt.php on line 165

2020-06-29T16:18:36+00:00 CRITICAL Uncaught Exception: Sản phẩm không hợp lệ. in D:\Xampp\htdocs\Road79\wp-content\plugins\woocommerce\includes\data-stores\class-wc-product-data-store-cpt.php:165
Stack trace:
#0 D:\Xampp\htdocs\Road79\wp-content\plugins\woocommerce\includes\class-wc-data-store.php(159): WC_Product_Data_Store_CPT->read(Object(WC_Product))
#1 D:\Xampp\htdocs\Road79\wp-content\plugins\woocommerce\includes\abstracts\abstract-wc-product.php(135): WC_Data_Store->read(Object(WC_Product))
#2 D:\Xampp\htdocs\Road79\wp-content\themes\79Road\search.php(22): WC_Product->__construct(49)
#3 D:\Xampp\htdocs\Road79\wp-includes\template-loader.php(98): include('D:\\Xampp\\htdocs...')
#4 D:\Xampp\htdocs\Road79\wp-blog-header.php(19): require_once('D:\\Xampp\\htdocs...')
#5 D:\Xampp\htdocs\Road79\index.php(17): require('D:\\Xampp\\htdocs...')
#6 {main}
  thrown in D:\Xampp\htdocs\Road79\wp-content\plugins\woocommerce\includes\data-stores\class-wc-product-data-store-cpt.php on line 165

2020-06-29T16:18:38+00:00 CRITICAL Uncaught Exception: Sản phẩm không hợp lệ. in D:\Xampp\htdocs\Road79\wp-content\plugins\woocommerce\includes\data-stores\class-wc-product-data-store-cpt.php:165
Stack trace:
#0 D:\Xampp\htdocs\Road79\wp-content\plugins\woocommerce\includes\class-wc-data-store.php(159): WC_Product_Data_Store_CPT->read(Object(WC_Product))
#1 D:\Xampp\htdocs\Road79\wp-content\plugins\woocommerce\includes\abstracts\abstract-wc-product.php(135): WC_Data_Store->read(Object(WC_Product))
#2 D:\Xampp\htdocs\Road79\wp-content\themes\79Road\search.php(22): WC_Product->__construct(49)
#3 D:\Xampp\htdocs\Road79\wp-includes\template-loader.php(98): include('D:\\Xampp\\htdocs...')
#4 D:\Xampp\htdocs\Road79\wp-blog-header.php(19): require_once('D:\\Xampp\\htdocs...')
#5 D:\Xampp\htdocs\Road79\index.php(17): require('D:\\Xampp\\htdocs...')
#6 {main}
  thrown in D:\Xampp\htdocs\Road79\wp-content\plugins\woocommerce\includes\data-stores\class-wc-product-data-store-cpt.php on line 165

2020-06-29T16:18:46+00:00 CRITICAL Uncaught Exception: Sản phẩm không hợp lệ. in D:\Xampp\htdocs\Road79\wp-content\plugins\woocommerce\includes\data-stores\class-wc-product-data-store-cpt.php:165
Stack trace:
#0 D:\Xampp\htdocs\Road79\wp-content\plugins\woocommerce\includes\class-wc-data-store.php(159): WC_Product_Data_Store_CPT->read(Object(WC_Product))
#1 D:\Xampp\htdocs\Road79\wp-content\plugins\woocommerce\includes\abstracts\abstract-wc-product.php(135): WC_Data_Store->read(Object(WC_Product))
#2 D:\Xampp\htdocs\Road79\wp-content\themes\79Road\search.php(22): WC_Product->__construct(49)
#3 D:\Xampp\htdocs\Road79\wp-includes\template-loader.php(98): include('D:\\Xampp\\htdocs...')
#4 D:\Xampp\htdocs\Road79\wp-blog-header.php(19): require_once('D:\\Xampp\\htdocs...')
#5 D:\Xampp\htdocs\Road79\index.php(17): require('D:\\Xampp\\htdocs...')
#6 {main}
  thrown in D:\Xampp\htdocs\Road79\wp-content\plugins\woocommerce\includes\data-stores\class-wc-product-data-store-cpt.php on line 165

2020-06-29T16:18:54+00:00 CRITICAL Uncaught Exception: Sản phẩm không hợp lệ. in D:\Xampp\htdocs\Road79\wp-content\plugins\woocommerce\includes\data-stores\class-wc-product-data-store-cpt.php:165
Stack trace:
#0 D:\Xampp\htdocs\Road79\wp-content\plugins\woocommerce\includes\class-wc-data-store.php(159): WC_Product_Data_Store_CPT->read(Object(WC_Product))
#1 D:\Xampp\htdocs\Road79\wp-content\plugins\woocommerce\includes\abstracts\abstract-wc-product.php(135): WC_Data_Store->read(Object(WC_Product))
#2 D:\Xampp\htdocs\Road79\wp-content\themes\79Road\search.php(22): WC_Product->__construct(49)
#3 D:\Xampp\htdocs\Road79\wp-includes\template-loader.php(98): include('D:\\Xampp\\htdocs...')
#4 D:\Xampp\htdocs\Road79\wp-blog-header.php(19): require_once('D:\\Xampp\\htdocs...')
#5 D:\Xampp\htdocs\Road79\index.php(17): require('D:\\Xampp\\htdocs...')
#6 {main}
  thrown in D:\Xampp\htdocs\Road79\wp-content\plugins\woocommerce\includes\data-stores\class-wc-product-data-store-cpt.php on line 165

2020-06-29T16:19:44+00:00 CRITICAL Uncaught Exception: Sản phẩm không hợp lệ. in D:\Xampp\htdocs\Road79\wp-content\plugins\woocommerce\includes\data-stores\class-wc-product-data-store-cpt.php:165
Stack trace:
#0 D:\Xampp\htdocs\Road79\wp-content\plugins\woocommerce\includes\class-wc-data-store.php(159): WC_Product_Data_Store_CPT->read(Object(WC_Product))
#1 D:\Xampp\htdocs\Road79\wp-content\plugins\woocommerce\includes\abstracts\abstract-wc-product.php(135): WC_Data_Store->read(Object(WC_Product))
#2 D:\Xampp\htdocs\Road79\wp-content\themes\79Road\search.php(22): WC_Product->__construct(49)
#3 D:\Xampp\htdocs\Road79\wp-includes\template-loader.php(98): include('D:\\Xampp\\htdocs...')
#4 D:\Xampp\htdocs\Road79\wp-blog-header.php(19): require_once('D:\\Xampp\\htdocs...')
#5 D:\Xampp\htdocs\Road79\index.php(17): require('D:\\Xampp\\htdocs...')
#6 {main}
  thrown in D:\Xampp\htdocs\Road79\wp-content\plugins\woocommerce\includes\data-stores\class-wc-product-data-store-cpt.php on line 165

2020-06-29T16:20:21+00:00 CRITICAL Uncaught Exception: Sản phẩm không hợp lệ. in D:\Xampp\htdocs\Road79\wp-content\plugins\woocommerce\includes\data-stores\class-wc-product-data-store-cpt.php:165
Stack trace:
#0 D:\Xampp\htdocs\Road79\wp-content\plugins\woocommerce\includes\class-wc-data-store.php(159): WC_Product_Data_Store_CPT->read(Object(WC_Product))
#1 D:\Xampp\htdocs\Road79\wp-content\plugins\woocommerce\includes\abstracts\abstract-wc-product.php(135): WC_Data_Store->read(Object(WC_Product))
#2 D:\Xampp\htdocs\Road79\wp-content\themes\79Road\search.php(22): WC_Product->__construct(49)
#3 D:\Xampp\htdocs\Road79\wp-includes\template-loader.php(98): include('D:\\Xampp\\htdocs...')
#4 D:\Xampp\htdocs\Road79\wp-blog-header.php(19): require_once('D:\\Xampp\\htdocs...')
#5 D:\Xampp\htdocs\Road79\index.php(17): require('D:\\Xampp\\htdocs...')
#6 {main}
  thrown in D:\Xampp\htdocs\Road79\wp-content\plugins\woocommerce\includes\data-stores\class-wc-product-data-store-cpt.php on line 165

2020-06-29T16:20:31+00:00 CRITICAL Uncaught Exception: Sản phẩm không hợp lệ. in D:\Xampp\htdocs\Road79\wp-content\plugins\woocommerce\includes\data-stores\class-wc-product-data-store-cpt.php:165
Stack trace:
#0 D:\Xampp\htdocs\Road79\wp-content\plugins\woocommerce\includes\class-wc-data-store.php(159): WC_Product_Data_Store_CPT->read(Object(WC_Product))
#1 D:\Xampp\htdocs\Road79\wp-content\plugins\woocommerce\includes\abstracts\abstract-wc-product.php(135): WC_Data_Store->read(Object(WC_Product))
#2 D:\Xampp\htdocs\Road79\wp-content\themes\79Road\search.php(22): WC_Product->__construct(49)
#3 D:\Xampp\htdocs\Road79\wp-includes\template-loader.php(98): include('D:\\Xampp\\htdocs...')
#4 D:\Xampp\htdocs\Road79\wp-blog-header.php(19): require_once('D:\\Xampp\\htdocs...')
#5 D:\Xampp\htdocs\Road79\index.php(17): require('D:\\Xampp\\htdocs...')
#6 {main}
  thrown in D:\Xampp\htdocs\Road79\wp-content\plugins\woocommerce\includes\data-stores\class-wc-product-data-store-cpt.php on line 165

