2020-07-04T12:51:36+00:00 CRITICAL Uncaught Error: Call to a member function get_attributes() on bool in C:\xampp\htdocs\Road79\wp-content\plugins\woocommerce\includes\data-stores\class-wc-product-data-store-cpt.php:1173
Stack trace:
#0 C:\xampp\htdocs\Road79\wp-content\plugins\woocommerce\includes\class-wc-data-store.php(207): WC_Product_Data_Store_CPT->create_all_product_variations(Object(WC_Product_Variable), 50)
#1 C:\xampp\htdocs\Road79\wp-content\plugins\woocommerce\includes\class-wc-ajax.php(749): WC_Data_Store->__call('create_all_prod...', Array)
#2 C:\xampp\htdocs\Road79\wp-includes\class-wp-hook.php(288): WC_AJAX::link_all_variations('')
#3 C:\xampp\htdocs\Road79\wp-includes\class-wp-hook.php(312): WP_Hook->apply_filters('', Array)
#4 C:\xampp\htdocs\Road79\wp-includes\plugin.php(478): WP_Hook->do_action(Array)
#5 C:\xampp\htdocs\Road79\wp-admin\admin-ajax.php(175): do_action('wp_ajax_woocomm...')
#6 {main}
  thrown in C:\xampp\htdocs\Road79\wp-content\plugins\woocommerce\includes\data-stores\class-wc-product-data-store-cpt.php on line 1173

2020-07-04T12:52:38+00:00 CRITICAL Uncaught Error: Call to a member function get_attributes() on bool in C:\xampp\htdocs\Road79\wp-content\plugins\woocommerce\includes\data-stores\class-wc-product-data-store-cpt.php:1173
Stack trace:
#0 C:\xampp\htdocs\Road79\wp-content\plugins\woocommerce\includes\class-wc-data-store.php(207): WC_Product_Data_Store_CPT->create_all_product_variations(Object(WC_Product_Variable), 50)
#1 C:\xampp\htdocs\Road79\wp-content\plugins\woocommerce\includes\class-wc-ajax.php(749): WC_Data_Store->__call('create_all_prod...', Array)
#2 C:\xampp\htdocs\Road79\wp-includes\class-wp-hook.php(288): WC_AJAX::link_all_variations('')
#3 C:\xampp\htdocs\Road79\wp-includes\class-wp-hook.php(312): WP_Hook->apply_filters('', Array)
#4 C:\xampp\htdocs\Road79\wp-includes\plugin.php(478): WP_Hook->do_action(Array)
#5 C:\xampp\htdocs\Road79\wp-admin\admin-ajax.php(175): do_action('wp_ajax_woocomm...')
#6 {main}
  thrown in C:\xampp\htdocs\Road79\wp-content\plugins\woocommerce\includes\data-stores\class-wc-product-data-store-cpt.php on line 1173

2020-07-04T12:53:23+00:00 CRITICAL Uncaught Error: Call to a member function get_attributes() on bool in C:\xampp\htdocs\Road79\wp-content\plugins\woocommerce\includes\data-stores\class-wc-product-data-store-cpt.php:1173
Stack trace:
#0 C:\xampp\htdocs\Road79\wp-content\plugins\woocommerce\includes\class-wc-data-store.php(207): WC_Product_Data_Store_CPT->create_all_product_variations(Object(WC_Product_Variable), 50)
#1 C:\xampp\htdocs\Road79\wp-content\plugins\woocommerce\includes\class-wc-ajax.php(749): WC_Data_Store->__call('create_all_prod...', Array)
#2 C:\xampp\htdocs\Road79\wp-includes\class-wp-hook.php(288): WC_AJAX::link_all_variations('')
#3 C:\xampp\htdocs\Road79\wp-includes\class-wp-hook.php(312): WP_Hook->apply_filters('', Array)
#4 C:\xampp\htdocs\Road79\wp-includes\plugin.php(478): WP_Hook->do_action(Array)
#5 C:\xampp\htdocs\Road79\wp-admin\admin-ajax.php(175): do_action('wp_ajax_woocomm...')
#6 {main}
  thrown in C:\xampp\htdocs\Road79\wp-content\plugins\woocommerce\includes\data-stores\class-wc-product-data-store-cpt.php on line 1173

